<?xml version="1.0" encoding="UTF-8"?>
<!-- Generated by org.testng.reporters.JUnitReportReporter -->
<testsuite hostname="RSPLWS076" name="tests.preApprovalClaim.PreApprovalClaim_TestCase" tests="1" failures="0" timestamp="17 Sep 2012 09:21:52 GMT" time="1.457" errors="0">
  <testcase name="verifyMyApprovalsTabForNormalUserLogin" time="1.457" classname="tests.preApprovalClaim.PreApprovalClaim_TestCase"/>
</testsuite>
