<?xml version="1.0" encoding="UTF-8"?>
<!-- Generated by org.testng.reporters.JUnitReportReporter -->
<testsuite hostname="RSPLWS076" name="tests.advanceSearch.AdvanceSearch_TestCases" tests="2" failures="0" timestamp="22 Oct 2012 05:27:18 GMT" time="48.272" errors="0">
  <testcase name="verifyFieldsPresentOnAdvanceSearchPage" time="7.938" classname="tests.advanceSearch.AdvanceSearch_TestCases"/>
  <testcase name="searchByClaimNoRequesterNameAndSubmittedDate_VerifySearchFuntionality" time="40.334" classname="tests.advanceSearch.AdvanceSearch_TestCases"/>
</testsuite> <!-- tests.advanceSearch.AdvanceSearch_TestCases -->
