<?xml version="1.0" encoding="UTF-8"?>
<!-- Generated by org.testng.reporters.JUnitReportReporter -->
<testsuite hostname="RSPLWS076" name="tests.userClaims.UserClaims_TestCases" tests="3" failures="0" timestamp="11 Sep 2012 11:55:58 GMT" time="106.415" errors="0">
  <testcase name="addEditAndSaveTravelTransportationExpenseDetails_TravelExpenseClaim" time="53.136" classname="tests.userClaims.UserClaims_TestCases"/>
  <testcase name="verifyElementsAndValidationOverSubmitButton" time="15.480" classname="tests.userClaims.UserClaims_TestCases"/>
  <testcase name="checkValidationOFTravelTransportationFields_TravelExpenseClaim" time="37.799" classname="tests.userClaims.UserClaims_TestCases"/>
</testsuite>
