<?xml version="1.0" encoding="UTF-8"?>
<!-- Generated by org.testng.reporters.JUnitReportReporter -->
<testsuite hostname="RSPLWS076" name="tests.Testing_TestCase" tests="1" failures="0" timestamp="22 Oct 2012 13:43:42 GMT" time="1.445" errors="0">
  <testcase name="testMethod" time="1.445" classname="tests.Testing_TestCase"/>
</testsuite> <!-- tests.Testing_TestCase -->
